0 info it worked if it ends with ok
1 verbose cli [ '/usr/local/bin/node',
1 verbose cli   '/usr/local/bin/npm',
1 verbose cli   'install',
1 verbose cli   '--save',
1 verbose cli   '@angular/platform/browser' ]
2 info using npm@3.10.10
3 info using node@v6.11.2
4 silly loadCurrentTree Starting
5 silly install loadCurrentTree
6 silly install readLocalPackageData
7 silly fetchPackageMetaData @angular/platform/browser
8 silly fetchOtherPackageData @angular/platform/browser
9 silly cache add args [ '@angular/platform/browser', null ]
10 verbose cache add spec @angular/platform/browser
11 silly cache add parsed spec Result {
11 silly cache add   raw: '@angular/platform/browser',
11 silly cache add   scope: null,
11 silly cache add   escapedName: null,
11 silly cache add   name: null,
11 silly cache add   rawSpec: '@angular/platform/browser',
11 silly cache add   spec: '/Users/ruthberge/Angst/MyNotebook/src/app/components/@angular/platform/browser',
11 silly cache add   type: 'local' }
12 error addLocal Could not install /Users/ruthberge/Angst/MyNotebook/src/app/components/@angular/platform/browser
13 silly fetchPackageMetaData Error: ENOENT: no such file or directory, open '/Users/ruthberge/Angst/MyNotebook/src/app/components/@angular/platform/browser'
13 silly fetchPackageMetaData     at Error (native)
13 silly fetchPackageMetaData  error for @angular/platform/browser { Error: ENOENT: no such file or directory, open '/Users/ruthberge/Angst/MyNotebook/src/app/components/@angular/platform/browser'
13 silly fetchPackageMetaData     at Error (native)
13 silly fetchPackageMetaData   errno: -2,
13 silly fetchPackageMetaData   code: 'ENOENT',
13 silly fetchPackageMetaData   syscall: 'open',
13 silly fetchPackageMetaData   path: '/Users/ruthberge/Angst/MyNotebook/src/app/components/@angular/platform/browser' }
14 silly rollbackFailedOptional Starting
15 silly rollbackFailedOptional Finishing
16 silly runTopLevelLifecycles Finishing
17 silly install printInstalled
18 verbose stack Error: ENOENT: no such file or directory, open '/Users/ruthberge/Angst/MyNotebook/src/app/components/@angular/platform/browser'
18 verbose stack     at Error (native)
19 verbose cwd /Users/ruthberge/Angst/MyNotebook/src/app/components
20 error Darwin 16.7.0
21 error argv "/usr/local/bin/node" "/usr/local/bin/npm" "install" "--save" "@angular/platform/browser"
22 error node v6.11.2
23 error npm  v3.10.10
24 error path /Users/ruthberge/Angst/MyNotebook/src/app/components/@angular/platform/browser
25 error code ENOENT
26 error errno -2
27 error syscall open
28 error enoent ENOENT: no such file or directory, open '/Users/ruthberge/Angst/MyNotebook/src/app/components/@angular/platform/browser'
29 error enoent ENOENT: no such file or directory, open '/Users/ruthberge/Angst/MyNotebook/src/app/components/@angular/platform/browser'
29 error enoent This is most likely not a problem with npm itself
29 error enoent and is related to npm not being able to find a file.
30 verbose exit [ -2, true ]
